<?xml version="1.0" encoding="UTF-8"?>
<testsuites>
  <testsuite name="Tests\Feature\DifferentialFullPipelineE2ETest" file="/tmp/engine-rms-clean.lsQo8H/artifact/papa-website-v2/tests/Feature/DifferentialFullPipelineE2ETest.php" tests="1" assertions="750" errors="0" failures="0" skipped="0" time="34.451079">
    <testcase name="test_database_service_go_and_persistence_subset" file="/tmp/engine-rms-clean.lsQo8H/artifact/papa-website-v2/tests/Feature/DifferentialFullPipelineE2ETest.php" line="42" class="Tests\Feature\DifferentialFullPipelineE2ETest" classname="Tests.Feature.DifferentialFullPipelineE2ETest" assertions="750" time="34.451079"/>
  </testsuite>
</testsuites>
