<?xml version="1.0" encoding="UTF-8"?>
<testsuites>
  <testsuite name="/tmp/temporal-v2-wsl.BOZdt6/papa-website-v2/phpunit.xml" tests="166" assertions="1626" errors="0" failures="0" skipped="0" time="689.754461">
    <testsuite name="Unit" tests="45" assertions="173" errors="0" failures="0" skipped="0" time="90.280160">
      <testsuite name="Tests\Unit\AuditTrailPresenterUnitTest" file="/tmp/temporal-v2-wsl.BOZdt6/papa-website-v2/tests/Unit/AuditTrailPresenterUnitTest.php" tests="3" assertions="10" errors="0" failures="0" skipped="0" time="0.895890">
        <testcase name="test_it_formats_action_and_entity_labels" file="/tmp/temporal-v2-wsl.BOZdt6/papa-website-v2/tests/Unit/AuditTrailPresenterUnitTest.php" line="11" class="Tests\Unit\AuditTrailPresenterUnitTest" classname="Tests.Unit.AuditTrailPresenterUnitTest" assertions="5" time="0.698571"/>
        <testcase name="test_it_resolves_entity_id_from_audit_payload" file="/tmp/temporal-v2-wsl.BOZdt6/papa-website-v2/tests/Unit/AuditTrailPresenterUnitTest.php" line="20" class="Tests\Unit\AuditTrailPresenterUnitTest" classname="Tests.Unit.AuditTrailPresenterUnitTest" assertions="2" time="0.101294"/>
        <testcase name="test_it_builds_compact_user_initials" file="/tmp/temporal-v2-wsl.BOZdt6/papa-website-v2/tests/Unit/AuditTrailPresenterUnitTest.php" line="42" class="Tests\Unit\AuditTrailPresenterUnitTest" classname="Tests.Unit.AuditTrailPresenterUnitTest" assertions="3" time="0.096025"/>
      </testsuite>
      <testsuite name="Tests\Unit\CompanyTaxOperationalStatusUnitTest" file="/tmp/temporal-v2-wsl.BOZdt6/papa-website-v2/tests/Unit/CompanyTaxOperationalStatusUnitTest.php" tests="2" assertions="5" errors="0" failures="0" skipped="0" time="0.458714">
        <testcase name="test_approved_active_future_effective_tax_is_scheduled" file="/tmp/temporal-v2-wsl.BOZdt6/papa-website-v2/tests/Unit/CompanyTaxOperationalStatusUnitTest.php" line="12" class="Tests\Unit\CompanyTaxOperationalStatusUnitTest" classname="Tests.Unit.CompanyTaxOperationalStatusUnitTest" assertions="3" time="0.336594"/>
        <testcase name="test_approved_active_current_effective_tax_is_active" file="/tmp/temporal-v2-wsl.BOZdt6/papa-website-v2/tests/Unit/CompanyTaxOperationalStatusUnitTest.php" line="27" class="Tests\Unit\CompanyTaxOperationalStatusUnitTest" classname="Tests.Unit.CompanyTaxOperationalStatusUnitTest" assertions="2" time="0.122120"/>
      </testsuite>
      <testsuite name="Tests\Unit\ExampleTest" file="/tmp/temporal-v2-wsl.BOZdt6/papa-website-v2/tests/Unit/ExampleTest.php" tests="1" assertions="1" errors="0" failures="0" skipped="0" time="0.060184">
        <testcase name="test_that_true_is_true" file="/tmp/temporal-v2-wsl.BOZdt6/papa-website-v2/tests/Unit/ExampleTest.php" line="12" class="Tests\Unit\ExampleTest" classname="Tests.Unit.ExampleTest" assertions="1" time="0.060184"/>
      </testsuite>
      <testsuite name="Tests\Unit\PayrollBuildFactsAttendanceSourceUnitTest" file="/tmp/temporal-v2-wsl.BOZdt6/papa-website-v2/tests/Unit/PayrollBuildFactsAttendanceSourceUnitTest.php" tests="8" assertions="42" errors="0" failures="0" skipped="0" time="38.454029">
        <testcase name="test_build_facts_uses_database_attendance_when_records_exist" file="/tmp/temporal-v2-wsl.BOZdt6/papa-website-v2/tests/Unit/PayrollBuildFactsAttendanceSourceUnitTest.php" line="37" class="Tests\Unit\PayrollBuildFactsAttendanceSourceUnitTest" classname="Tests.Unit.PayrollBuildFactsAttendanceSourceUnitTest" assertions="8" time="1.932642"/>
        <testcase name="test_build_facts_uses_manual_override_when_prefer_manual_attendance_true" file="/tmp/temporal-v2-wsl.BOZdt6/papa-website-v2/tests/Unit/PayrollBuildFactsAttendanceSourceUnitTest.php" line="93" class="Tests\Unit\PayrollBuildFactsAttendanceSourceUnitTest" classname="Tests.Unit.PayrollBuildFactsAttendanceSourceUnitTest" assertions="10" time="12.832734"/>
        <testcase name="test_build_facts_uses_overtime_per_hour_override_for_system_component" file="/tmp/temporal-v2-wsl.BOZdt6/papa-website-v2/tests/Unit/PayrollBuildFactsAttendanceSourceUnitTest.php" line="153" class="Tests\Unit\PayrollBuildFactsAttendanceSourceUnitTest" classname="Tests.Unit.PayrollBuildFactsAttendanceSourceUnitTest" assertions="2" time="1.045184"/>
        <testcase name="test_build_facts_uses_manual_fallback_when_database_has_no_attendance_records" file="/tmp/temporal-v2-wsl.BOZdt6/papa-website-v2/tests/Unit/PayrollBuildFactsAttendanceSourceUnitTest.php" line="175" class="Tests\Unit\PayrollBuildFactsAttendanceSourceUnitTest" classname="Tests.Unit.PayrollBuildFactsAttendanceSourceUnitTest" assertions="10" time="1.314806"/>
        <testcase name="test_build_facts_ignores_overtime_pending_director_approval" file="/tmp/temporal-v2-wsl.BOZdt6/papa-website-v2/tests/Unit/PayrollBuildFactsAttendanceSourceUnitTest.php" line="212" class="Tests\Unit\PayrollBuildFactsAttendanceSourceUnitTest" classname="Tests.Unit.PayrollBuildFactsAttendanceSourceUnitTest" assertions="3" time="5.241301"/>
        <testcase name="test_build_facts_sets_performance_score_from_master_salary_and_override" file="/tmp/temporal-v2-wsl.BOZdt6/papa-website-v2/tests/Unit/PayrollBuildFactsAttendanceSourceUnitTest.php" line="245" class="Tests\Unit\PayrollBuildFactsAttendanceSourceUnitTest" classname="Tests.Unit.PayrollBuildFactsAttendanceSourceUnitTest" assertions="2" time="5.272044"/>
        <testcase name="test_build_facts_uses_requested_salary_date_as_payroll_effective_date" file="/tmp/temporal-v2-wsl.BOZdt6/papa-website-v2/tests/Unit/PayrollBuildFactsAttendanceSourceUnitTest.php" line="277" class="Tests\Unit\PayrollBuildFactsAttendanceSourceUnitTest" classname="Tests.Unit.PayrollBuildFactsAttendanceSourceUnitTest" assertions="3" time="5.674632"/>
        <testcase name="test_build_facts_counts_approved_leave_overlap_using_weekdays_only" file="/tmp/temporal-v2-wsl.BOZdt6/papa-website-v2/tests/Unit/PayrollBuildFactsAttendanceSourceUnitTest.php" line="299" class="Tests\Unit\PayrollBuildFactsAttendanceSourceUnitTest" classname="Tests.Unit.PayrollBuildFactsAttendanceSourceUnitTest" assertions="4" time="5.140686"/>
      </testsuite>
      <testsuite name="Tests\Unit\PayrollRuleEngineTaxableComputationUnitTest" file="/tmp/temporal-v2-wsl.BOZdt6/papa-website-v2/tests/Unit/PayrollRuleEngineTaxableComputationUnitTest.php" tests="7" assertions="24" errors="0" failures="0" skipped="0" time="14.766828">
        <testcase name="test_auto_tax_uses_taxable_earning_components_only" file="/tmp/temporal-v2-wsl.BOZdt6/papa-website-v2/tests/Unit/PayrollRuleEngineTaxableComputationUnitTest.php" line="13" class="Tests\Unit\PayrollRuleEngineTaxableComputationUnitTest" classname="Tests.Unit.PayrollRuleEngineTaxableComputationUnitTest" assertions="5" time="4.946259"/>
        <testcase name="test_manual_tax_override_skips_auto_recomputation" file="/tmp/temporal-v2-wsl.BOZdt6/papa-website-v2/tests/Unit/PayrollRuleEngineTaxableComputationUnitTest.php" line="143" class="Tests\Unit\PayrollRuleEngineTaxableComputationUnitTest" classname="Tests.Unit.PayrollRuleEngineTaxableComputationUnitTest" assertions="4" time="0.089400"/>
        <testcase name="test_tax_component_is_not_injected_when_no_tax_rule_is_active" file="/tmp/temporal-v2-wsl.BOZdt6/papa-website-v2/tests/Unit/PayrollRuleEngineTaxableComputationUnitTest.php" line="229" class="Tests\Unit\PayrollRuleEngineTaxableComputationUnitTest" classname="Tests.Unit.PayrollRuleEngineTaxableComputationUnitTest" assertions="3" time="0.099672"/>
        <testcase name="test_company_tax_configuration_fails_when_active_tax_rule_is_missing" file="/tmp/temporal-v2-wsl.BOZdt6/papa-website-v2/tests/Unit/PayrollRuleEngineTaxableComputationUnitTest.php" line="312" class="Tests\Unit\PayrollRuleEngineTaxableComputationUnitTest" classname="Tests.Unit.PayrollRuleEngineTaxableComputationUnitTest" assertions="2" time="0.126239"/>
        <testcase name="test_company_tax_source_is_treated_as_auto_tax_not_manual_override" file="/tmp/temporal-v2-wsl.BOZdt6/papa-website-v2/tests/Unit/PayrollRuleEngineTaxableComputationUnitTest.php" line="359" class="Tests\Unit\PayrollRuleEngineTaxableComputationUnitTest" classname="Tests.Unit.PayrollRuleEngineTaxableComputationUnitTest" assertions="5" time="4.661209"/>
        <testcase name="test_execute_uses_payroll_effective_date_before_period_end_for_tax_resolution" file="/tmp/temporal-v2-wsl.BOZdt6/papa-website-v2/tests/Unit/PayrollRuleEngineTaxableComputationUnitTest.php" line="462" class="Tests\Unit\PayrollRuleEngineTaxableComputationUnitTest" classname="Tests.Unit.PayrollRuleEngineTaxableComputationUnitTest" assertions="2" time="0.148119"/>
        <testcase name="test_tax_component_is_not_injected_when_tax_rule_does_not_match" file="/tmp/temporal-v2-wsl.BOZdt6/papa-website-v2/tests/Unit/PayrollRuleEngineTaxableComputationUnitTest.php" line="562" class="Tests\Unit\PayrollRuleEngineTaxableComputationUnitTest" classname="Tests.Unit.PayrollRuleEngineTaxableComputationUnitTest" assertions="3" time="4.695929"/>
      </testsuite>
      <testsuite name="Tests\Unit\PayrollRuleEngineWhiteBoxUnitTest" file="/tmp/temporal-v2-wsl.BOZdt6/papa-website-v2/tests/Unit/PayrollRuleEngineWhiteBoxUnitTest.php" tests="8" assertions="36" errors="0" failures="0" skipped="0" time="23.968517">
        <testcase name="test_execute_uses_component_map_types_and_recomputes_summary_from_components" file="/tmp/temporal-v2-wsl.BOZdt6/papa-website-v2/tests/Unit/PayrollRuleEngineWhiteBoxUnitTest.php" line="12" class="Tests\Unit\PayrollRuleEngineWhiteBoxUnitTest" classname="Tests.Unit.PayrollRuleEngineWhiteBoxUnitTest" assertions="7" time="4.877685"/>
        <testcase name="test_execute_uses_engine_summary_when_component_list_is_empty" file="/tmp/temporal-v2-wsl.BOZdt6/papa-website-v2/tests/Unit/PayrollRuleEngineWhiteBoxUnitTest.php" line="126" class="Tests\Unit\PayrollRuleEngineWhiteBoxUnitTest" classname="Tests.Unit.PayrollRuleEngineWhiteBoxUnitTest" assertions="6" time="0.100816"/>
        <testcase name="test_execute_preserves_unrounded_overtime_hours_in_payload" file="/tmp/temporal-v2-wsl.BOZdt6/papa-website-v2/tests/Unit/PayrollRuleEngineWhiteBoxUnitTest.php" line="207" class="Tests\Unit\PayrollRuleEngineWhiteBoxUnitTest" classname="Tests.Unit.PayrollRuleEngineWhiteBoxUnitTest" assertions="1" time="4.707350"/>
        <testcase name="test_execute_uses_database_component_type_without_code_guessing" file="/tmp/temporal-v2-wsl.BOZdt6/papa-website-v2/tests/Unit/PayrollRuleEngineWhiteBoxUnitTest.php" line="292" class="Tests\Unit\PayrollRuleEngineWhiteBoxUnitTest" classname="Tests.Unit.PayrollRuleEngineWhiteBoxUnitTest" assertions="6" time="4.669054"/>
        <testcase name="test_execute_rejects_rule_when_action_code_missing_from_active_components" file="/tmp/temporal-v2-wsl.BOZdt6/papa-website-v2/tests/Unit/PayrollRuleEngineWhiteBoxUnitTest.php" line="393" class="Tests\Unit\PayrollRuleEngineWhiteBoxUnitTest" classname="Tests.Unit.PayrollRuleEngineWhiteBoxUnitTest" assertions="1" time="4.674654"/>
        <testcase name="test_execute_derives_payroll_status_from_contract_type_when_status_is_active" file="/tmp/temporal-v2-wsl.BOZdt6/papa-website-v2/tests/Unit/PayrollRuleEngineWhiteBoxUnitTest.php" line="455" class="Tests\Unit\PayrollRuleEngineWhiteBoxUnitTest" classname="Tests.Unit.PayrollRuleEngineWhiteBoxUnitTest" assertions="6" time="4.621282"/>
        <testcase name="test_execute_preserves_rule_version_source_when_action_codes_are_duplicated" file="/tmp/temporal-v2-wsl.BOZdt6/papa-website-v2/tests/Unit/PayrollRuleEngineWhiteBoxUnitTest.php" line="575" class="Tests\Unit\PayrollRuleEngineWhiteBoxUnitTest" classname="Tests.Unit.PayrollRuleEngineWhiteBoxUnitTest" assertions="1" time="0.156840"/>
        <testcase name="test_execute_rounds_money_amounts_like_spreadsheet" file="/tmp/temporal-v2-wsl.BOZdt6/papa-website-v2/tests/Unit/PayrollRuleEngineWhiteBoxUnitTest.php" line="666" class="Tests\Unit\PayrollRuleEngineWhiteBoxUnitTest" classname="Tests.Unit.PayrollRuleEngineWhiteBoxUnitTest" assertions="8" time="0.160836"/>
      </testsuite>
      <testsuite name="Tests\Unit\RoleNormalizerUnitTest" file="/tmp/temporal-v2-wsl.BOZdt6/papa-website-v2/tests/Unit/RoleNormalizerUnitTest.php" tests="3" assertions="14" errors="0" failures="0" skipped="0" time="0.592403">
        <testcase name="test_normalize_aliases_to_canonical_role" file="/tmp/temporal-v2-wsl.BOZdt6/papa-website-v2/tests/Unit/RoleNormalizerUnitTest.php" line="10" class="Tests\Unit\RoleNormalizerUnitTest" classname="Tests.Unit.RoleNormalizerUnitTest" assertions="5" time="0.326897"/>
        <testcase name="test_to_storage_value_maps_canonical_role_to_database_enum" file="/tmp/temporal-v2-wsl.BOZdt6/papa-website-v2/tests/Unit/RoleNormalizerUnitTest.php" line="19" class="Tests\Unit\RoleNormalizerUnitTest" classname="Tests.Unit.RoleNormalizerUnitTest" assertions="5" time="0.146207"/>
        <testcase name="test_matches_supports_mixed_aliases" file="/tmp/temporal-v2-wsl.BOZdt6/papa-website-v2/tests/Unit/RoleNormalizerUnitTest.php" line="28" class="Tests\Unit\RoleNormalizerUnitTest" classname="Tests.Unit.RoleNormalizerUnitTest" assertions="4" time="0.119300"/>
      </testsuite>
      <testsuite name="Tests\Unit\RuleDefinitionSemanticContractTest" file="/tmp/temporal-v2-wsl.BOZdt6/papa-website-v2/tests/Unit/RuleDefinitionSemanticContractTest.php" tests="2" assertions="8" errors="0" failures="0" skipped="0" time="0.405670">
        <testcase name="test_date_parser_accepts_only_canonical_calendar_date" file="/tmp/temporal-v2-wsl.BOZdt6/papa-website-v2/tests/Unit/RuleDefinitionSemanticContractTest.php" line="12" class="Tests\Unit\RuleDefinitionSemanticContractTest" classname="Tests.Unit.RuleDefinitionSemanticContractTest" assertions="4" time="0.282497"/>
        <testcase name="test_string_operator_contract_keeps_contains_without_expanding_boolean" file="/tmp/temporal-v2-wsl.BOZdt6/papa-website-v2/tests/Unit/RuleDefinitionSemanticContractTest.php" line="29" class="Tests\Unit\RuleDefinitionSemanticContractTest" classname="Tests.Unit.RuleDefinitionSemanticContractTest" assertions="4" time="0.123173"/>
      </testsuite>
      <testsuite name="Tests\Unit\TemporalPayrollReplayUnitTest" file="/tmp/temporal-v2-wsl.BOZdt6/papa-website-v2/tests/Unit/TemporalPayrollReplayUnitTest.php" tests="6" assertions="18" errors="0" failures="0" skipped="0" time="10.163125">
        <testcase name="test_canonical_json_is_key_order_independent_and_money_is_fixed_six" file="/tmp/temporal-v2-wsl.BOZdt6/papa-website-v2/tests/Unit/TemporalPayrollReplayUnitTest.php" line="18" class="Tests\Unit\TemporalPayrollReplayUnitTest" classname="Tests.Unit.TemporalPayrollReplayUnitTest" assertions="2" time="0.229413"/>
        <testcase name="test_artifact_payload_hash_survives_json_persistence" file="/tmp/temporal-v2-wsl.BOZdt6/papa-website-v2/tests/Unit/TemporalPayrollReplayUnitTest.php" line="26" class="Tests\Unit\TemporalPayrollReplayUnitTest" classname="Tests.Unit.TemporalPayrollReplayUnitTest" assertions="2" time="0.104144"/>
        <testcase name="test_manifest_integrity_accepts_complete_locked_artifact_and_rejects_corruption" file="/tmp/temporal-v2-wsl.BOZdt6/papa-website-v2/tests/Unit/TemporalPayrollReplayUnitTest.php" line="40" class="Tests\Unit\TemporalPayrollReplayUnitTest" classname="Tests.Unit.TemporalPayrollReplayUnitTest" assertions="3" time="4.963127"/>
        <testcase name="test_comparator_reports_amount_provenance_and_output_hash_differences" file="/tmp/temporal-v2-wsl.BOZdt6/papa-website-v2/tests/Unit/TemporalPayrollReplayUnitTest.php" line="53" class="Tests\Unit\TemporalPayrollReplayUnitTest" classname="Tests.Unit.TemporalPayrollReplayUnitTest" assertions="4" time="0.077789"/>
        <testcase name="test_version_applicability_excludes_manual_tax_override_from_match_denominator" file="/tmp/temporal-v2-wsl.BOZdt6/papa-website-v2/tests/Unit/TemporalPayrollReplayUnitTest.php" line="73" class="Tests\Unit\TemporalPayrollReplayUnitTest" classname="Tests.Unit.TemporalPayrollReplayUnitTest" assertions="5" time="4.732461"/>
        <testcase name="test_compatibility_registry_fails_closed_for_unknown_versions" file="/tmp/temporal-v2-wsl.BOZdt6/papa-website-v2/tests/Unit/TemporalPayrollReplayUnitTest.php" line="91" class="Tests\Unit\TemporalPayrollReplayUnitTest" classname="Tests.Unit.TemporalPayrollReplayUnitTest" assertions="2" time="0.056191"/>
      </testsuite>
      <testsuite name="Tests\Unit\TypedPayrollRuleIrServiceTest" file="/tmp/temporal-v2-wsl.BOZdt6/papa-website-v2/tests/Unit/TypedPayrollRuleIrServiceTest.php" tests="5" assertions="15" errors="0" failures="0" skipped="0" time="0.514801">
        <testcase name="test_builds_canonical_tpr_ir_payload_with_shared_priority_and_rounding_contract" file="/tmp/temporal-v2-wsl.BOZdt6/papa-website-v2/tests/Unit/TypedPayrollRuleIrServiceTest.php" line="34" class="Tests\Unit\TypedPayrollRuleIrServiceTest" classname="Tests.Unit.TypedPayrollRuleIrServiceTest" assertions="8" time="0.245028"/>
        <testcase name="test_rejects_unknown_field_and_unknown_formula_reference" file="/tmp/temporal-v2-wsl.BOZdt6/papa-website-v2/tests/Unit/TypedPayrollRuleIrServiceTest.php" line="52" class="Tests\Unit\TypedPayrollRuleIrServiceTest" classname="Tests.Unit.TypedPayrollRuleIrServiceTest" assertions="2" time="0.086666"/>
        <testcase name="test_rejects_set_add_mix_and_priority_tie_before_execution" file="/tmp/temporal-v2-wsl.BOZdt6/papa-website-v2/tests/Unit/TypedPayrollRuleIrServiceTest.php" line="69" class="Tests\Unit\TypedPayrollRuleIrServiceTest" classname="Tests.Unit.TypedPayrollRuleIrServiceTest" assertions="2" time="0.057644"/>
        <testcase name="test_rule_array_permutation_has_identical_canonical_order" file="/tmp/temporal-v2-wsl.BOZdt6/papa-website-v2/tests/Unit/TypedPayrollRuleIrServiceTest.php" line="94" class="Tests\Unit\TypedPayrollRuleIrServiceTest" classname="Tests.Unit.TypedPayrollRuleIrServiceTest" assertions="1" time="0.064337"/>
        <testcase name="test_supports_canonical_payroll_eligibility_flags_used_by_active_rules" file="/tmp/temporal-v2-wsl.BOZdt6/papa-website-v2/tests/Unit/TypedPayrollRuleIrServiceTest.php" line="111" class="Tests\Unit\TypedPayrollRuleIrServiceTest" classname="Tests.Unit.TypedPayrollRuleIrServiceTest" assertions="2" time="0.061126"/>
      </testsuite>
    </testsuite>
    <testsuite name="Feature" tests="121" assertions="1453" errors="0" failures="0" skipped="0" time="599.474301">
      <testsuite name="Tests\Feature\ApiRuntimeRegressionTest" file="/tmp/temporal-v2-wsl.BOZdt6/papa-website-v2/tests/Feature/ApiRuntimeRegressionTest.php" tests="5" assertions="16" errors="0" failures="0" skipped="0" time="40.919381">
        <testcase name="test_hrd_contracts_endpoint_returns_success" file="/tmp/temporal-v2-wsl.BOZdt6/papa-website-v2/tests/Feature/ApiRuntimeRegressionTest.php" line="30" class="Tests\Feature\ApiRuntimeRegressionTest" classname="Tests.Feature.ApiRuntimeRegressionTest" assertions="2" time="21.798123">
          <system-out>﻿﻿﻿﻿</system-out>
        </testcase>
        <testcase name="test_director_daily_activities_endpoint_is_callable" file="/tmp/temporal-v2-wsl.BOZdt6/papa-website-v2/tests/Feature/ApiRuntimeRegressionTest.php" line="39" class="Tests\Feature\ApiRuntimeRegressionTest" classname="Tests.Feature.ApiRuntimeRegressionTest" assertions="2" time="4.821335"/>
        <testcase name="test_director_contract_approval_list_includes_mapped_fields" file="/tmp/temporal-v2-wsl.BOZdt6/papa-website-v2/tests/Feature/ApiRuntimeRegressionTest.php" line="48" class="Tests\Feature\ApiRuntimeRegressionTest" classname="Tests.Feature.ApiRuntimeRegressionTest" assertions="4" time="4.769496"/>
        <testcase name="test_employee_contract_list_includes_mapped_fields" file="/tmp/temporal-v2-wsl.BOZdt6/papa-website-v2/tests/Feature/ApiRuntimeRegressionTest.php" line="62" class="Tests\Feature\ApiRuntimeRegressionTest" classname="Tests.Feature.ApiRuntimeRegressionTest" assertions="4" time="4.839148"/>
        <testcase name="test_pm_contract_list_includes_mapped_fields" file="/tmp/temporal-v2-wsl.BOZdt6/papa-website-v2/tests/Feature/ApiRuntimeRegressionTest.php" line="76" class="Tests\Feature\ApiRuntimeRegressionTest" classname="Tests.Feature.ApiRuntimeRegressionTest" assertions="4" time="4.691279"/>
      </testsuite>
      <testsuite name="Tests\Feature\AuthGroupRoleScopingTest" file="/tmp/temporal-v2-wsl.BOZdt6/papa-website-v2/tests/Feature/AuthGroupRoleScopingTest.php" tests="5" assertions="21" errors="0" failures="0" skipped="0" time="14.839487">
        <testcase name="test_tasks_endpoint_requires_pm_role" file="/tmp/temporal-v2-wsl.BOZdt6/papa-website-v2/tests/Feature/AuthGroupRoleScopingTest.php" line="31" class="Tests\Feature\AuthGroupRoleScopingTest" classname="Tests.Feature.AuthGroupRoleScopingTest" assertions="4" time="4.907865"/>
        <testcase name="test_hrd_project_detail_route_requires_hrd_role" file="/tmp/temporal-v2-wsl.BOZdt6/papa-website-v2/tests/Feature/AuthGroupRoleScopingTest.php" line="53" class="Tests\Feature\AuthGroupRoleScopingTest" classname="Tests.Feature.AuthGroupRoleScopingTest" assertions="3" time="0.214501"/>
        <testcase name="test_generate_pdf_requires_director_role" file="/tmp/temporal-v2-wsl.BOZdt6/papa-website-v2/tests/Feature/AuthGroupRoleScopingTest.php" line="65" class="Tests\Feature\AuthGroupRoleScopingTest" classname="Tests.Feature.AuthGroupRoleScopingTest" assertions="2" time="0.187144"/>
        <testcase name="test_presence_recap_employees_allows_director_and_hrd" file="/tmp/temporal-v2-wsl.BOZdt6/papa-website-v2/tests/Feature/AuthGroupRoleScopingTest.php" line="75" class="Tests\Feature\AuthGroupRoleScopingTest" classname="Tests.Feature.AuthGroupRoleScopingTest" assertions="6" time="4.765426"/>
        <testcase name="test_presence_recap_employee_allows_pm_and_karyawan" file="/tmp/temporal-v2-wsl.BOZdt6/papa-website-v2/tests/Feature/AuthGroupRoleScopingTest.php" line="93" class="Tests\Feature\AuthGroupRoleScopingTest" classname="Tests.Feature.AuthGroupRoleScopingTest" assertions="6" time="4.764550"/>
      </testsuite>
      <testsuite name="Tests\Feature\AuthenticationFunctionalTest" file="/tmp/temporal-v2-wsl.BOZdt6/papa-website-v2/tests/Feature/AuthenticationFunctionalTest.php" tests="5" assertions="27" errors="0" failures="0" skipped="0" time="23.620019">
        <testcase name="test_bb_login_01_login_berhasil" file="/tmp/temporal-v2-wsl.BOZdt6/papa-website-v2/tests/Feature/AuthenticationFunctionalTest.php" line="25" class="Tests\Feature\AuthenticationFunctionalTest" classname="Tests.Feature.AuthenticationFunctionalTest" assertions="8" time="4.728423"/>
        <testcase name="test_bb_login_02_password_salah" file="/tmp/temporal-v2-wsl.BOZdt6/papa-website-v2/tests/Feature/AuthenticationFunctionalTest.php" line="42" class="Tests\Feature\AuthenticationFunctionalTest" classname="Tests.Feature.AuthenticationFunctionalTest" assertions="4" time="4.632426"/>
        <testcase name="test_bb_login_03_email_tidak_terdaftar" file="/tmp/temporal-v2-wsl.BOZdt6/papa-website-v2/tests/Feature/AuthenticationFunctionalTest.php" line="57" class="Tests\Feature\AuthenticationFunctionalTest" classname="Tests.Feature.AuthenticationFunctionalTest" assertions="4" time="4.644754"/>
        <testcase name="test_bb_login_04_field_kosong" file="/tmp/temporal-v2-wsl.BOZdt6/papa-website-v2/tests/Feature/AuthenticationFunctionalTest.php" line="72" class="Tests\Feature\AuthenticationFunctionalTest" classname="Tests.Feature.AuthenticationFunctionalTest" assertions="5" time="4.664140"/>
        <testcase name="test_bb_login_05_akses_role_hrd_dan_direktur" file="/tmp/temporal-v2-wsl.BOZdt6/papa-website-v2/tests/Feature/AuthenticationFunctionalTest.php" line="85" class="Tests\Feature\AuthenticationFunctionalTest" classname="Tests.Feature.AuthenticationFunctionalTest" assertions="6" time="4.950276"/>
      </testsuite>
      <testsuite name="Tests\Feature\DifferentialFullPipelineE2ETest" file="/tmp/temporal-v2-wsl.BOZdt6/papa-website-v2/tests/Feature/DifferentialFullPipelineE2ETest.php" tests="1" assertions="750" errors="0" failures="0" skipped="0" time="40.929950">
        <testcase name="test_database_service_go_and_persistence_subset" file="/tmp/temporal-v2-wsl.BOZdt6/papa-website-v2/tests/Feature/DifferentialFullPipelineE2ETest.php" line="42" class="Tests\Feature\DifferentialFullPipelineE2ETest" classname="Tests.Feature.DifferentialFullPipelineE2ETest" assertions="750" time="40.929950"/>
      </testsuite>
      <testsuite name="Tests\Feature\ExampleTest" file="/tmp/temporal-v2-wsl.BOZdt6/papa-website-v2/tests/Feature/ExampleTest.php" tests="1" assertions="1" errors="0" failures="0" skipped="0" time="0.099639">
        <testcase name="test_the_application_returns_a_successful_response" file="/tmp/temporal-v2-wsl.BOZdt6/papa-website-v2/tests/Feature/ExampleTest.php" line="13" class="Tests\Feature\ExampleTest" classname="Tests.Feature.ExampleTest" assertions="1" time="0.099639"/>
      </testsuite>
      <testsuite name="Tests\Feature\LeaveApprovalWorkflowTest" file="/tmp/temporal-v2-wsl.BOZdt6/papa-website-v2/tests/Feature/LeaveApprovalWorkflowTest.php" tests="9" assertions="99" errors="0" failures="0" skipped="0" time="63.291416">
        <testcase name="test_karyawan_leave_requires_director_decision_after_hrd_approval" file="/tmp/temporal-v2-wsl.BOZdt6/papa-website-v2/tests/Feature/LeaveApprovalWorkflowTest.php" line="28" class="Tests\Feature\LeaveApprovalWorkflowTest" classname="Tests.Feature.LeaveApprovalWorkflowTest" assertions="24" time="26.226474"/>
        <testcase name="test_hrd_and_director_default_queue_only_show_ready_items" file="/tmp/temporal-v2-wsl.BOZdt6/papa-website-v2/tests/Feature/LeaveApprovalWorkflowTest.php" line="105" class="Tests\Feature\LeaveApprovalWorkflowTest" classname="Tests.Feature.LeaveApprovalWorkflowTest" assertions="8" time="5.373716"/>
        <testcase name="test_pm_leave_approval_endpoints_are_disabled" file="/tmp/temporal-v2-wsl.BOZdt6/papa-website-v2/tests/Feature/LeaveApprovalWorkflowTest.php" line="153" class="Tests\Feature\LeaveApprovalWorkflowTest" classname="Tests.Feature.LeaveApprovalWorkflowTest" assertions="8" time="5.069039"/>
        <testcase name="test_leave_approval_requires_reason" file="/tmp/temporal-v2-wsl.BOZdt6/papa-website-v2/tests/Feature/LeaveApprovalWorkflowTest.php" line="182" class="Tests\Feature\LeaveApprovalWorkflowTest" classname="Tests.Feature.LeaveApprovalWorkflowTest" assertions="4" time="5.010926"/>
        <testcase name="test_approval_history_endpoints_only_return_processed_items" file="/tmp/temporal-v2-wsl.BOZdt6/papa-website-v2/tests/Feature/LeaveApprovalWorkflowTest.php" line="200" class="Tests\Feature\LeaveApprovalWorkflowTest" classname="Tests.Feature.LeaveApprovalWorkflowTest" assertions="13" time="5.122801"/>
        <testcase name="test_hrd_rejection_finalizes_leave_for_hrd_and_director_history" file="/tmp/temporal-v2-wsl.BOZdt6/papa-website-v2/tests/Feature/LeaveApprovalWorkflowTest.php" line="260" class="Tests\Feature\LeaveApprovalWorkflowTest" classname="Tests.Feature.LeaveApprovalWorkflowTest" assertions="14" time="5.361838"/>
        <testcase name="test_submission_routes_initialize_the_correct_approval_stage_for_each_role" file="/tmp/temporal-v2-wsl.BOZdt6/papa-website-v2/tests/Feature/LeaveApprovalWorkflowTest.php" line="295" class="Tests\Feature\LeaveApprovalWorkflowTest" classname="Tests.Feature.LeaveApprovalWorkflowTest" assertions="17" time="5.492013"/>
        <testcase name="test_leave_submission_validates_required_fields_and_date_order" file="/tmp/temporal-v2-wsl.BOZdt6/papa-website-v2/tests/Feature/LeaveApprovalWorkflowTest.php" line="332" class="Tests\Feature\LeaveApprovalWorkflowTest" classname="Tests.Feature.LeaveApprovalWorkflowTest" assertions="6" time="0.521481"/>
        <testcase name="test_leave_detail_is_limited_to_owner_and_authorized_approvers" file="/tmp/temporal-v2-wsl.BOZdt6/papa-website-v2/tests/Feature/LeaveApprovalWorkflowTest.php" line="354" class="Tests\Feature\LeaveApprovalWorkflowTest" classname="Tests.Feature.LeaveApprovalWorkflowTest" assertions="5" time="5.113127"/>
      </testsuite>
      <testsuite name="Tests\Feature\OvertimeApprovalWorkflowTest" file="/tmp/temporal-v2-wsl.BOZdt6/papa-website-v2/tests/Feature/OvertimeApprovalWorkflowTest.php" tests="6" assertions="70" errors="0" failures="0" skipped="0" time="15.445969">
        <testcase name="test_employee_overtime_goes_from_hrd_queue_to_director_queue_and_can_be_fully_approved" file="/tmp/temporal-v2-wsl.BOZdt6/papa-website-v2/tests/Feature/OvertimeApprovalWorkflowTest.php" line="30" class="Tests\Feature\OvertimeApprovalWorkflowTest" classname="Tests.Feature.OvertimeApprovalWorkflowTest" assertions="26" time="5.015989"/>
        <testcase name="test_pm_overtime_submission_requires_hrd_and_director_approval_and_pm_approval_is_disabled" file="/tmp/temporal-v2-wsl.BOZdt6/papa-website-v2/tests/Feature/OvertimeApprovalWorkflowTest.php" line="98" class="Tests\Feature\OvertimeApprovalWorkflowTest" classname="Tests.Feature.OvertimeApprovalWorkflowTest" assertions="16" time="4.831162"/>
        <testcase name="test_hrd_rejection_is_final_and_visible_in_rejected_histories" file="/tmp/temporal-v2-wsl.BOZdt6/papa-website-v2/tests/Feature/OvertimeApprovalWorkflowTest.php" line="137" class="Tests\Feature\OvertimeApprovalWorkflowTest" classname="Tests.Feature.OvertimeApprovalWorkflowTest" assertions="14" time="0.225185"/>
        <testcase name="test_legacy_employee_overtime_with_pending_pm_status_still_appears_in_hrd_queue" file="/tmp/temporal-v2-wsl.BOZdt6/papa-website-v2/tests/Feature/OvertimeApprovalWorkflowTest.php" line="187" class="Tests\Feature\OvertimeApprovalWorkflowTest" classname="Tests.Feature.OvertimeApprovalWorkflowTest" assertions="5" time="0.153551"/>
        <testcase name="test_legacy_employee_overtime_with_rejected_pm_status_can_still_be_processed_by_hrd" file="/tmp/temporal-v2-wsl.BOZdt6/papa-website-v2/tests/Feature/OvertimeApprovalWorkflowTest.php" line="216" class="Tests\Feature\OvertimeApprovalWorkflowTest" classname="Tests.Feature.OvertimeApprovalWorkflowTest" assertions="3" time="4.851441"/>
        <testcase name="test_employee_and_pm_can_upload_image_proof_with_overtime_submission" file="/tmp/temporal-v2-wsl.BOZdt6/papa-website-v2/tests/Feature/OvertimeApprovalWorkflowTest.php" line="248" class="Tests\Feature\OvertimeApprovalWorkflowTest" classname="Tests.Feature.OvertimeApprovalWorkflowTest" assertions="6" time="0.368641"/>
      </testsuite>
      <testsuite name="Tests\Feature\OwnershipAccessControlTest" file="/tmp/temporal-v2-wsl.BOZdt6/papa-website-v2/tests/Feature/OwnershipAccessControlTest.php" tests="7" assertions="14" errors="0" failures="0" skipped="0" time="25.453602">
        <testcase name="test_employee_cannot_access_other_employee_salary_scope" file="/tmp/temporal-v2-wsl.BOZdt6/papa-website-v2/tests/Feature/OwnershipAccessControlTest.php" line="33" class="Tests\Feature\OwnershipAccessControlTest" classname="Tests.Feature.OwnershipAccessControlTest" assertions="3" time="0.445837"/>
        <testcase name="test_hrd_can_access_any_employee_salary_scope" file="/tmp/temporal-v2-wsl.BOZdt6/papa-website-v2/tests/Feature/OwnershipAccessControlTest.php" line="48" class="Tests\Feature\OwnershipAccessControlTest" classname="Tests.Feature.OwnershipAccessControlTest" assertions="2" time="5.652149"/>
        <testcase name="test_employee_owner_cannot_mutate_own_salary_scope" file="/tmp/temporal-v2-wsl.BOZdt6/papa-website-v2/tests/Feature/OwnershipAccessControlTest.php" line="62" class="Tests\Feature\OwnershipAccessControlTest" classname="Tests.Feature.OwnershipAccessControlTest" assertions="2" time="4.759492"/>
        <testcase name="test_generated_salary_transfer_proof_cannot_be_updated" file="/tmp/temporal-v2-wsl.BOZdt6/papa-website-v2/tests/Feature/OwnershipAccessControlTest.php" line="79" class="Tests\Feature\OwnershipAccessControlTest" classname="Tests.Feature.OwnershipAccessControlTest" assertions="2" time="0.225793"/>
        <testcase name="test_employee_cannot_open_other_employee_contract_detail" file="/tmp/temporal-v2-wsl.BOZdt6/papa-website-v2/tests/Feature/OwnershipAccessControlTest.php" line="94" class="Tests\Feature\OwnershipAccessControlTest" classname="Tests.Feature.OwnershipAccessControlTest" assertions="3" time="4.711062"/>
        <testcase name="test_hrd_can_open_employee_contract_detail" file="/tmp/temporal-v2-wsl.BOZdt6/papa-website-v2/tests/Feature/OwnershipAccessControlTest.php" line="107" class="Tests\Feature\OwnershipAccessControlTest" classname="Tests.Feature.OwnershipAccessControlTest" assertions="1" time="4.836601"/>
        <testcase name="test_pm_cannot_approve_other_pm_contract" file="/tmp/temporal-v2-wsl.BOZdt6/papa-website-v2/tests/Feature/OwnershipAccessControlTest.php" line="118" class="Tests\Feature\OwnershipAccessControlTest" classname="Tests.Feature.OwnershipAccessControlTest" assertions="1" time="4.822667"/>
      </testsuite>
      <testsuite name="Tests\Feature\PasswordResetNotificationTest" file="/tmp/temporal-v2-wsl.BOZdt6/papa-website-v2/tests/Feature/PasswordResetNotificationTest.php" tests="2" assertions="11" errors="0" failures="0" skipped="0" time="0.190826">
        <testcase name="test_user_sends_the_mascitra_password_reset_notification" file="/tmp/temporal-v2-wsl.BOZdt6/papa-website-v2/tests/Feature/PasswordResetNotificationTest.php" line="13" class="Tests\Feature\PasswordResetNotificationTest" classname="Tests.Feature.PasswordResetNotificationTest" assertions="1" time="0.094202"/>
        <testcase name="test_password_reset_email_contains_the_mascitra_context_and_secure_reset_link" file="/tmp/temporal-v2-wsl.BOZdt6/papa-website-v2/tests/Feature/PasswordResetNotificationTest.php" line="31" class="Tests\Feature\PasswordResetNotificationTest" classname="Tests.Feature.PasswordResetNotificationTest" assertions="10" time="0.096624"/>
      </testsuite>
      <testsuite name="Tests\Feature\PasswordResetRequestTest" file="/tmp/temporal-v2-wsl.BOZdt6/papa-website-v2/tests/Feature/PasswordResetRequestTest.php" tests="4" assertions="16" errors="0" failures="0" skipped="0" time="10.105148">
        <testcase name="test_authenticated_user_can_request_password_reset_link" file="/tmp/temporal-v2-wsl.BOZdt6/papa-website-v2/tests/Feature/PasswordResetRequestTest.php" line="30" class="Tests\Feature\PasswordResetRequestTest" classname="Tests.Feature.PasswordResetRequestTest" assertions="4" time="4.830696"/>
        <testcase name="test_guest_user_can_request_password_reset_link" file="/tmp/temporal-v2-wsl.BOZdt6/papa-website-v2/tests/Feature/PasswordResetRequestTest.php" line="52" class="Tests\Feature\PasswordResetRequestTest" classname="Tests.Feature.PasswordResetRequestTest" assertions="4" time="0.216572"/>
        <testcase name="test_unknown_email_receives_generic_reset_response_without_notification" file="/tmp/temporal-v2-wsl.BOZdt6/papa-website-v2/tests/Feature/PasswordResetRequestTest.php" line="72" class="Tests\Feature\PasswordResetRequestTest" classname="Tests.Feature.PasswordResetRequestTest" assertions="4" time="0.251267"/>
        <testcase name="test_successful_password_reset_revokes_existing_api_tokens" file="/tmp/temporal-v2-wsl.BOZdt6/papa-website-v2/tests/Feature/PasswordResetRequestTest.php" line="87" class="Tests\Feature\PasswordResetRequestTest" classname="Tests.Feature.PasswordResetRequestTest" assertions="4" time="4.806613"/>
      </testsuite>
      <testsuite name="Tests\Feature\PayrollRuleEngineFormulaMatrixIntegrationTest" file="/tmp/temporal-v2-wsl.BOZdt6/papa-website-v2/tests/Feature/PayrollRuleEngineFormulaMatrixIntegrationTest.php" tests="21" assertions="79" errors="0" failures="0" skipped="0" time="74.203103">
        <testsuite name="Tests\Feature\PayrollRuleEngineFormulaMatrixIntegrationTest::test_real_engine_arithmetic_formula_matrix" tests="11" assertions="55" errors="0" failures="0" skipped="0" time="31.468464">
          <testcase name="test_real_engine_arithmetic_formula_matrix with data set &quot;constant_earning&quot;" file="/tmp/temporal-v2-wsl.BOZdt6/papa-website-v2/tests/Feature/PayrollRuleEngineFormulaMatrixIntegrationTest.php" line="41" class="Tests\Feature\PayrollRuleEngineFormulaMatrixIntegrationTest" classname="Tests.Feature.PayrollRuleEngineFormulaMatrixIntegrationTest" assertions="5" time="0.786866"/>
          <testcase name="test_real_engine_arithmetic_formula_matrix with data set &quot;constant_deduction&quot;" file="/tmp/temporal-v2-wsl.BOZdt6/papa-website-v2/tests/Feature/PayrollRuleEngineFormulaMatrixIntegrationTest.php" line="41" class="Tests\Feature\PayrollRuleEngineFormulaMatrixIntegrationTest" classname="Tests.Feature.PayrollRuleEngineFormulaMatrixIntegrationTest" assertions="5" time="0.786618"/>
          <testcase name="test_real_engine_arithmetic_formula_matrix with data set &quot;variable_reference&quot;" file="/tmp/temporal-v2-wsl.BOZdt6/papa-website-v2/tests/Feature/PayrollRuleEngineFormulaMatrixIntegrationTest.php" line="41" class="Tests\Feature\PayrollRuleEngineFormulaMatrixIntegrationTest" classname="Tests.Feature.PayrollRuleEngineFormulaMatrixIntegrationTest" assertions="5" time="5.242477"/>
          <testcase name="test_real_engine_arithmetic_formula_matrix with data set &quot;addition&quot;" file="/tmp/temporal-v2-wsl.BOZdt6/papa-website-v2/tests/Feature/PayrollRuleEngineFormulaMatrixIntegrationTest.php" line="41" class="Tests\Feature\PayrollRuleEngineFormulaMatrixIntegrationTest" classname="Tests.Feature.PayrollRuleEngineFormulaMatrixIntegrationTest" assertions="5" time="5.150091"/>
          <testcase name="test_real_engine_arithmetic_formula_matrix with data set &quot;subtraction&quot;" file="/tmp/temporal-v2-wsl.BOZdt6/papa-website-v2/tests/Feature/PayrollRuleEngineFormulaMatrixIntegrationTest.php" line="41" class="Tests\Feature\PayrollRuleEngineFormulaMatrixIntegrationTest" classname="Tests.Feature.PayrollRuleEngineFormulaMatrixIntegrationTest" assertions="5" time="5.252198"/>
          <testcase name="test_real_engine_arithmetic_formula_matrix with data set &quot;multiplication&quot;" file="/tmp/temporal-v2-wsl.BOZdt6/papa-website-v2/tests/Feature/PayrollRuleEngineFormulaMatrixIntegrationTest.php" line="41" class="Tests\Feature\PayrollRuleEngineFormulaMatrixIntegrationTest" classname="Tests.Feature.PayrollRuleEngineFormulaMatrixIntegrationTest" assertions="5" time="0.747064"/>
          <testcase name="test_real_engine_arithmetic_formula_matrix with data set &quot;precedence_without_parentheses&quot;" file="/tmp/temporal-v2-wsl.BOZdt6/papa-website-v2/tests/Feature/PayrollRuleEngineFormulaMatrixIntegrationTest.php" line="41" class="Tests\Feature\PayrollRuleEngineFormulaMatrixIntegrationTest" classname="Tests.Feature.PayrollRuleEngineFormulaMatrixIntegrationTest" assertions="5" time="0.952377"/>
          <testcase name="test_real_engine_arithmetic_formula_matrix with data set &quot;parentheses_override_precedence&quot;" file="/tmp/temporal-v2-wsl.BOZdt6/papa-website-v2/tests/Feature/PayrollRuleEngineFormulaMatrixIntegrationTest.php" line="41" class="Tests\Feature\PayrollRuleEngineFormulaMatrixIntegrationTest" classname="Tests.Feature.PayrollRuleEngineFormulaMatrixIntegrationTest" assertions="5" time="0.986515"/>
          <testcase name="test_real_engine_arithmetic_formula_matrix with data set &quot;mixed_expression&quot;" file="/tmp/temporal-v2-wsl.BOZdt6/papa-website-v2/tests/Feature/PayrollRuleEngineFormulaMatrixIntegrationTest.php" line="41" class="Tests\Feature\PayrollRuleEngineFormulaMatrixIntegrationTest" classname="Tests.Feature.PayrollRuleEngineFormulaMatrixIntegrationTest" assertions="5" time="0.964894"/>
          <testcase name="test_real_engine_arithmetic_formula_matrix with data set &quot;division_expression&quot;" file="/tmp/temporal-v2-wsl.BOZdt6/papa-website-v2/tests/Feature/PayrollRuleEngineFormulaMatrixIntegrationTest.php" line="41" class="Tests\Feature\PayrollRuleEngineFormulaMatrixIntegrationTest" classname="Tests.Feature.PayrollRuleEngineFormulaMatrixIntegrationTest" assertions="5" time="5.363161"/>
          <testcase name="test_real_engine_arithmetic_formula_matrix with data set &quot;decimal_expression&quot;" file="/tmp/temporal-v2-wsl.BOZdt6/papa-website-v2/tests/Feature/PayrollRuleEngineFormulaMatrixIntegrationTest.php" line="41" class="Tests\Feature\PayrollRuleEngineFormulaMatrixIntegrationTest" classname="Tests.Feature.PayrollRuleEngineFormulaMatrixIntegrationTest" assertions="5" time="5.236202"/>
        </testsuite>
        <testsuite name="Tests\Feature\PayrollRuleEngineFormulaMatrixIntegrationTest::test_real_engine_condition_operator_matrix" tests="9" assertions="16" errors="0" failures="0" skipped="0" time="37.380147">
          <testcase name="test_real_engine_condition_operator_matrix with data set &quot;equals_true&quot;" file="/tmp/temporal-v2-wsl.BOZdt6/papa-website-v2/tests/Feature/PayrollRuleEngineFormulaMatrixIntegrationTest.php" line="89" class="Tests\Feature\PayrollRuleEngineFormulaMatrixIntegrationTest" classname="Tests.Feature.PayrollRuleEngineFormulaMatrixIntegrationTest" assertions="2" time="0.719146"/>
          <testcase name="test_real_engine_condition_operator_matrix with data set &quot;equals_false&quot;" file="/tmp/temporal-v2-wsl.BOZdt6/papa-website-v2/tests/Feature/PayrollRuleEngineFormulaMatrixIntegrationTest.php" line="89" class="Tests\Feature\PayrollRuleEngineFormulaMatrixIntegrationTest" classname="Tests.Feature.PayrollRuleEngineFormulaMatrixIntegrationTest" assertions="1" time="1.119815"/>
          <testcase name="test_real_engine_condition_operator_matrix with data set &quot;not_equals_true&quot;" file="/tmp/temporal-v2-wsl.BOZdt6/papa-website-v2/tests/Feature/PayrollRuleEngineFormulaMatrixIntegrationTest.php" line="89" class="Tests\Feature\PayrollRuleEngineFormulaMatrixIntegrationTest" classname="Tests.Feature.PayrollRuleEngineFormulaMatrixIntegrationTest" assertions="2" time="4.983270"/>
          <testcase name="test_real_engine_condition_operator_matrix with data set &quot;greater_than_true&quot;" file="/tmp/temporal-v2-wsl.BOZdt6/papa-website-v2/tests/Feature/PayrollRuleEngineFormulaMatrixIntegrationTest.php" line="89" class="Tests\Feature\PayrollRuleEngineFormulaMatrixIntegrationTest" classname="Tests.Feature.PayrollRuleEngineFormulaMatrixIntegrationTest" assertions="2" time="5.189499"/>
          <testcase name="test_real_engine_condition_operator_matrix with data set &quot;greater_than_or_equal_true&quot;" file="/tmp/temporal-v2-wsl.BOZdt6/papa-website-v2/tests/Feature/PayrollRuleEngineFormulaMatrixIntegrationTest.php" line="89" class="Tests\Feature\PayrollRuleEngineFormulaMatrixIntegrationTest" classname="Tests.Feature.PayrollRuleEngineFormulaMatrixIntegrationTest" assertions="2" time="5.143791"/>
          <testcase name="test_real_engine_condition_operator_matrix with data set &quot;less_than_true&quot;" file="/tmp/temporal-v2-wsl.BOZdt6/papa-website-v2/tests/Feature/PayrollRuleEngineFormulaMatrixIntegrationTest.php" line="89" class="Tests\Feature\PayrollRuleEngineFormulaMatrixIntegrationTest" classname="Tests.Feature.PayrollRuleEngineFormulaMatrixIntegrationTest" assertions="2" time="5.011085"/>
          <testcase name="test_real_engine_condition_operator_matrix with data set &quot;less_than_or_equal_true&quot;" file="/tmp/temporal-v2-wsl.BOZdt6/papa-website-v2/tests/Feature/PayrollRuleEngineFormulaMatrixIntegrationTest.php" line="89" class="Tests\Feature\PayrollRuleEngineFormulaMatrixIntegrationTest" classname="Tests.Feature.PayrollRuleEngineFormulaMatrixIntegrationTest" assertions="2" time="5.037906"/>
          <testcase name="test_real_engine_condition_operator_matrix with data set &quot;multiple_conditions_and_false&quot;" file="/tmp/temporal-v2-wsl.BOZdt6/papa-website-v2/tests/Feature/PayrollRuleEngineFormulaMatrixIntegrationTest.php" line="89" class="Tests\Feature\PayrollRuleEngineFormulaMatrixIntegrationTest" classname="Tests.Feature.PayrollRuleEngineFormulaMatrixIntegrationTest" assertions="1" time="5.200103"/>
          <testcase name="test_real_engine_condition_operator_matrix with data set &quot;multiple_conditions_and_true&quot;" file="/tmp/temporal-v2-wsl.BOZdt6/papa-website-v2/tests/Feature/PayrollRuleEngineFormulaMatrixIntegrationTest.php" line="89" class="Tests\Feature\PayrollRuleEngineFormulaMatrixIntegrationTest" classname="Tests.Feature.PayrollRuleEngineFormulaMatrixIntegrationTest" assertions="2" time="4.975531"/>
        </testsuite>
        <testcase name="test_real_engine_multi_rule_summary_consistency_for_mixed_components" file="/tmp/temporal-v2-wsl.BOZdt6/papa-website-v2/tests/Feature/PayrollRuleEngineFormulaMatrixIntegrationTest.php" line="115" class="Tests\Feature\PayrollRuleEngineFormulaMatrixIntegrationTest" classname="Tests.Feature.PayrollRuleEngineFormulaMatrixIntegrationTest" assertions="8" time="5.354492"/>
      </testsuite>
      <testsuite name="Tests\Feature\PayrollRuleEngineRealIntegrationTest" file="/tmp/temporal-v2-wsl.BOZdt6/papa-website-v2/tests/Feature/PayrollRuleEngineRealIntegrationTest.php" tests="1" assertions="10" errors="0" failures="0" skipped="0" time="4.959091">
        <testcase name="test_execute_with_real_go_rule_engine_matches_expected_summary_and_components" file="/tmp/temporal-v2-wsl.BOZdt6/papa-website-v2/tests/Feature/PayrollRuleEngineRealIntegrationTest.php" line="38" class="Tests\Feature\PayrollRuleEngineRealIntegrationTest" classname="Tests.Feature.PayrollRuleEngineRealIntegrationTest" assertions="10" time="4.959091"/>
      </testsuite>
      <testsuite name="Tests\Feature\PayrollRuleEngineTaxableComputationTest" file="/tmp/temporal-v2-wsl.BOZdt6/papa-website-v2/tests/Feature/PayrollRuleEngineTaxableComputationTest.php" tests="3" assertions="14" errors="0" failures="0" skipped="0" time="22.981836">
        <testcase name="test_auto_tax_uses_taxable_earning_components_only" file="/tmp/temporal-v2-wsl.BOZdt6/papa-website-v2/tests/Feature/PayrollRuleEngineTaxableComputationTest.php" line="34" class="Tests\Feature\PayrollRuleEngineTaxableComputationTest" classname="Tests.Feature.PayrollRuleEngineTaxableComputationTest" assertions="6" time="12.841818"/>
        <testcase name="test_manual_tax_override_skips_auto_tax_recomputation" file="/tmp/temporal-v2-wsl.BOZdt6/papa-website-v2/tests/Feature/PayrollRuleEngineTaxableComputationTest.php" line="93" class="Tests\Feature\PayrollRuleEngineTaxableComputationTest" classname="Tests.Feature.PayrollRuleEngineTaxableComputationTest" assertions="4" time="5.144977"/>
        <testcase name="test_percentage_tax_uses_full_income_within_min_max_range" file="/tmp/temporal-v2-wsl.BOZdt6/papa-website-v2/tests/Feature/PayrollRuleEngineTaxableComputationTest.php" line="149" class="Tests\Feature\PayrollRuleEngineTaxableComputationTest" classname="Tests.Feature.PayrollRuleEngineTaxableComputationTest" assertions="4" time="4.995040"/>
      </testsuite>
      <testsuite name="Tests\Feature\PublicApiHardeningRbacTest" file="/tmp/temporal-v2-wsl.BOZdt6/papa-website-v2/tests/Feature/PublicApiHardeningRbacTest.php" tests="5" assertions="8" errors="0" failures="0" skipped="0" time="39.415574">
        <testcase name="test_master_document_requires_authentication" file="/tmp/temporal-v2-wsl.BOZdt6/papa-website-v2/tests/Feature/PublicApiHardeningRbacTest.php" line="29" class="Tests\Feature\PublicApiHardeningRbacTest" classname="Tests.Feature.PublicApiHardeningRbacTest" assertions="1" time="20.486275"/>
        <testcase name="test_master_document_rejects_non_admin_role" file="/tmp/temporal-v2-wsl.BOZdt6/papa-website-v2/tests/Feature/PublicApiHardeningRbacTest.php" line="34" class="Tests\Feature\PublicApiHardeningRbacTest" classname="Tests.Feature.PublicApiHardeningRbacTest" assertions="1" time="4.750155"/>
        <testcase name="test_master_document_allows_hrd_role" file="/tmp/temporal-v2-wsl.BOZdt6/papa-website-v2/tests/Feature/PublicApiHardeningRbacTest.php" line="40" class="Tests\Feature\PublicApiHardeningRbacTest" classname="Tests.Feature.PublicApiHardeningRbacTest" assertions="2" time="4.758087"/>
        <testcase name="test_activity_types_is_director_only" file="/tmp/temporal-v2-wsl.BOZdt6/papa-website-v2/tests/Feature/PublicApiHardeningRbacTest.php" line="48" class="Tests\Feature\PublicApiHardeningRbacTest" classname="Tests.Feature.PublicApiHardeningRbacTest" assertions="2" time="4.763978"/>
        <testcase name="test_leave_type_is_auth_only_and_can_be_accessed_by_employee" file="/tmp/temporal-v2-wsl.BOZdt6/papa-website-v2/tests/Feature/PublicApiHardeningRbacTest.php" line="58" class="Tests\Feature\PublicApiHardeningRbacTest" classname="Tests.Feature.PublicApiHardeningRbacTest" assertions="2" time="4.657079"/>
      </testsuite>
      <testsuite name="Tests\Feature\RateSettingUsageActionsTest" file="/tmp/temporal-v2-wsl.BOZdt6/papa-website-v2/tests/Feature/RateSettingUsageActionsTest.php" tests="15" assertions="94" errors="0" failures="0" skipped="0" time="57.029561">
        <testcase name="test_used_rate_setting_is_archived_instead_of_deleted" file="/tmp/temporal-v2-wsl.BOZdt6/papa-website-v2/tests/Feature/RateSettingUsageActionsTest.php" line="24" class="Tests\Feature\RateSettingUsageActionsTest" classname="Tests.Feature.RateSettingUsageActionsTest" assertions="3" time="0.344481"/>
        <testcase name="test_unused_rate_setting_is_archived_instead_of_deleted" file="/tmp/temporal-v2-wsl.BOZdt6/papa-website-v2/tests/Feature/RateSettingUsageActionsTest.php" line="45" class="Tests\Feature\RateSettingUsageActionsTest" classname="Tests.Feature.RateSettingUsageActionsTest" assertions="3" time="4.841099"/>
        <testcase name="test_used_rate_setting_can_be_deactivated" file="/tmp/temporal-v2-wsl.BOZdt6/papa-website-v2/tests/Feature/RateSettingUsageActionsTest.php" line="65" class="Tests\Feature\RateSettingUsageActionsTest" classname="Tests.Feature.RateSettingUsageActionsTest" assertions="3" time="4.844243"/>
        <testcase name="test_approved_rate_setting_can_be_deactivated_even_when_unused" file="/tmp/temporal-v2-wsl.BOZdt6/papa-website-v2/tests/Feature/RateSettingUsageActionsTest.php" line="81" class="Tests\Feature\RateSettingUsageActionsTest" classname="Tests.Feature.RateSettingUsageActionsTest" assertions="3" time="0.500463"/>
        <testcase name="test_inactive_approved_rate_detail_shows_new_version_and_inactive_status" file="/tmp/temporal-v2-wsl.BOZdt6/papa-website-v2/tests/Feature/RateSettingUsageActionsTest.php" line="96" class="Tests\Feature\RateSettingUsageActionsTest" classname="Tests.Feature.RateSettingUsageActionsTest" assertions="4" time="5.014818"/>
        <testcase name="test_active_approved_rate_detail_shows_new_version_and_deactivate_actions" file="/tmp/temporal-v2-wsl.BOZdt6/papa-website-v2/tests/Feature/RateSettingUsageActionsTest.php" line="109" class="Tests\Feature\RateSettingUsageActionsTest" classname="Tests.Feature.RateSettingUsageActionsTest" assertions="4" time="5.000412"/>
        <testcase name="test_hrd_session_creates_rate_setting_as_draft_through_web_route" file="/tmp/temporal-v2-wsl.BOZdt6/papa-website-v2/tests/Feature/RateSettingUsageActionsTest.php" line="123" class="Tests\Feature\RateSettingUsageActionsTest" classname="Tests.Feature.RateSettingUsageActionsTest" assertions="4" time="0.545496"/>
        <testcase name="test_new_version_from_approved_rate_is_prefilled_and_saved_as_draft" file="/tmp/temporal-v2-wsl.BOZdt6/papa-website-v2/tests/Feature/RateSettingUsageActionsTest.php" line="151" class="Tests\Feature\RateSettingUsageActionsTest" classname="Tests.Feature.RateSettingUsageActionsTest" assertions="11" time="5.084090"/>
        <testcase name="test_future_effective_rate_approval_keeps_current_rate_until_effective_date" file="/tmp/temporal-v2-wsl.BOZdt6/papa-website-v2/tests/Feature/RateSettingUsageActionsTest.php" line="199" class="Tests\Feature\RateSettingUsageActionsTest" classname="Tests.Feature.RateSettingUsageActionsTest" assertions="10" time="5.353600"/>
        <testcase name="test_hrd_and_director_approved_stats_count_every_approved_version" file="/tmp/temporal-v2-wsl.BOZdt6/papa-website-v2/tests/Feature/RateSettingUsageActionsTest.php" line="233" class="Tests\Feature\RateSettingUsageActionsTest" classname="Tests.Feature.RateSettingUsageActionsTest" assertions="6" time="5.107725"/>
        <testcase name="test_draft_rate_detail_shows_submit_action_and_submission_sets_pending" file="/tmp/temporal-v2-wsl.BOZdt6/papa-website-v2/tests/Feature/RateSettingUsageActionsTest.php" line="277" class="Tests\Feature\RateSettingUsageActionsTest" classname="Tests.Feature.RateSettingUsageActionsTest" assertions="8" time="5.056707"/>
        <testcase name="test_draft_version_for_used_rate_key_also_shows_submit_action" file="/tmp/temporal-v2-wsl.BOZdt6/papa-website-v2/tests/Feature/RateSettingUsageActionsTest.php" line="307" class="Tests\Feature\RateSettingUsageActionsTest" classname="Tests.Feature.RateSettingUsageActionsTest" assertions="6" time="4.927094"/>
        <testcase name="test_pending_rate_setting_cannot_be_edited" file="/tmp/temporal-v2-wsl.BOZdt6/papa-website-v2/tests/Feature/RateSettingUsageActionsTest.php" line="330" class="Tests\Feature\RateSettingUsageActionsTest" classname="Tests.Feature.RateSettingUsageActionsTest" assertions="8" time="4.986686"/>
        <testcase name="test_edit_rate_setting_hides_redundant_decimal_zeroes" file="/tmp/temporal-v2-wsl.BOZdt6/papa-website-v2/tests/Feature/RateSettingUsageActionsTest.php" line="368" class="Tests\Feature\RateSettingUsageActionsTest" classname="Tests.Feature.RateSettingUsageActionsTest" assertions="14" time="0.320032"/>
        <testcase name="test_rule_builder_receives_active_system_and_custom_rate_variables" file="/tmp/temporal-v2-wsl.BOZdt6/papa-website-v2/tests/Feature/RateSettingUsageActionsTest.php" line="400" class="Tests\Feature\RateSettingUsageActionsTest" classname="Tests.Feature.RateSettingUsageActionsTest" assertions="7" time="5.102614"/>
      </testsuite>
      <testsuite name="Tests\Feature\RuleVersionActionWorkflowTest" file="/tmp/temporal-v2-wsl.BOZdt6/papa-website-v2/tests/Feature/RuleVersionActionWorkflowTest.php" tests="6" assertions="27" errors="0" failures="0" skipped="0" time="28.889167">
        <testcase name="test_approved_rule_waiting_for_activation_only_shows_activate_and_locked_edit_actions" file="/tmp/temporal-v2-wsl.BOZdt6/papa-website-v2/tests/Feature/RuleVersionActionWorkflowTest.php" line="28" class="Tests\Feature\RuleVersionActionWorkflowTest" classname="Tests.Feature.RuleVersionActionWorkflowTest" assertions="6" time="4.977753"/>
        <testcase name="test_approved_rule_version_cannot_be_opened_in_edit_form" file="/tmp/temporal-v2-wsl.BOZdt6/papa-website-v2/tests/Feature/RuleVersionActionWorkflowTest.php" line="46" class="Tests\Feature\RuleVersionActionWorkflowTest" classname="Tests.Feature.RuleVersionActionWorkflowTest" assertions="3" time="4.688403"/>
        <testcase name="test_active_rule_only_shows_new_version_and_deactivate_actions" file="/tmp/temporal-v2-wsl.BOZdt6/papa-website-v2/tests/Feature/RuleVersionActionWorkflowTest.php" line="60" class="Tests\Feature\RuleVersionActionWorkflowTest" classname="Tests.Feature.RuleVersionActionWorkflowTest" assertions="5" time="4.763124"/>
        <testcase name="test_rejected_draft_rule_shows_repair_action_instead_of_waiting_approval" file="/tmp/temporal-v2-wsl.BOZdt6/papa-website-v2/tests/Feature/RuleVersionActionWorkflowTest.php" line="77" class="Tests\Feature\RuleVersionActionWorkflowTest" classname="Tests.Feature.RuleVersionActionWorkflowTest" assertions="6" time="4.913081"/>
        <testcase name="test_pending_draft_rule_still_shows_waiting_approval_action" file="/tmp/temporal-v2-wsl.BOZdt6/papa-website-v2/tests/Feature/RuleVersionActionWorkflowTest.php" line="95" class="Tests\Feature\RuleVersionActionWorkflowTest" classname="Tests.Feature.RuleVersionActionWorkflowTest" assertions="3" time="4.800317"/>
        <testcase name="test_hrd_can_deactivate_an_active_rule" file="/tmp/temporal-v2-wsl.BOZdt6/papa-website-v2/tests/Feature/RuleVersionActionWorkflowTest.php" line="110" class="Tests\Feature\RuleVersionActionWorkflowTest" classname="Tests.Feature.RuleVersionActionWorkflowTest" assertions="4" time="4.746489"/>
      </testsuite>
      <testsuite name="Tests\Feature\SalaryRuleEnginePersistenceTest" file="/tmp/temporal-v2-wsl.BOZdt6/papa-website-v2/tests/Feature/SalaryRuleEnginePersistenceTest.php" tests="6" assertions="66" errors="0" failures="0" skipped="0" time="54.721213">
        <testcase name="test_master_salary_does_not_calculate_tax_outside_rule_engine" file="/tmp/temporal-v2-wsl.BOZdt6/papa-website-v2/tests/Feature/SalaryRuleEnginePersistenceTest.php" line="43" class="Tests\Feature\SalaryRuleEnginePersistenceTest" classname="Tests.Feature.SalaryRuleEnginePersistenceTest" assertions="4" time="7.633181"/>
        <testcase name="test_pending_salary_does_not_apply_tax_when_rule_engine_is_unavailable" file="/tmp/temporal-v2-wsl.BOZdt6/papa-website-v2/tests/Feature/SalaryRuleEnginePersistenceTest.php" line="81" class="Tests\Feature\SalaryRuleEnginePersistenceTest" classname="Tests.Feature.SalaryRuleEnginePersistenceTest" assertions="7" time="7.423352"/>
        <testcase name="test_store_salary_persists_rule_engine_result_and_matches_salary_detail" file="/tmp/temporal-v2-wsl.BOZdt6/papa-website-v2/tests/Feature/SalaryRuleEnginePersistenceTest.php" line="122" class="Tests\Feature\SalaryRuleEnginePersistenceTest" classname="Tests.Feature.SalaryRuleEnginePersistenceTest" assertions="24" time="9.912747"/>
        <testcase name="test_store_salary_golden_case_matches_take_home_pay_and_breakdown" file="/tmp/temporal-v2-wsl.BOZdt6/papa-website-v2/tests/Feature/SalaryRuleEnginePersistenceTest.php" line="220" class="Tests\Feature\SalaryRuleEnginePersistenceTest" classname="Tests.Feature.SalaryRuleEnginePersistenceTest" assertions="14" time="7.827049"/>
        <testcase name="test_store_salary_does_not_inject_pph21_when_tax_rule_is_not_active" file="/tmp/temporal-v2-wsl.BOZdt6/papa-website-v2/tests/Feature/SalaryRuleEnginePersistenceTest.php" line="305" class="Tests\Feature\SalaryRuleEnginePersistenceTest" classname="Tests.Feature.SalaryRuleEnginePersistenceTest" assertions="7" time="14.619785"/>
        <testcase name="test_store_salary_golden_case_rounds_and_clamps_negative_summary_values" file="/tmp/temporal-v2-wsl.BOZdt6/papa-website-v2/tests/Feature/SalaryRuleEnginePersistenceTest.php" line="379" class="Tests\Feature\SalaryRuleEnginePersistenceTest" classname="Tests.Feature.SalaryRuleEnginePersistenceTest" assertions="10" time="7.305100"/>
      </testsuite>
      <testsuite name="Tests\Feature\TaxApprovalWorkflowTest" file="/tmp/temporal-v2-wsl.BOZdt6/papa-website-v2/tests/Feature/TaxApprovalWorkflowTest.php" tests="16" assertions="109" errors="0" failures="0" skipped="0" time="77.002666">
        <testcase name="test_hrd_can_create_tax_through_web_session" file="/tmp/temporal-v2-wsl.BOZdt6/papa-website-v2/tests/Feature/TaxApprovalWorkflowTest.php" line="17" class="Tests\Feature\TaxApprovalWorkflowTest" classname="Tests.Feature.TaxApprovalWorkflowTest" assertions="7" time="20.323321"/>
        <testcase name="test_invalid_tax_scope_is_rejected_instead_of_defaulting_to_all" file="/tmp/temporal-v2-wsl.BOZdt6/papa-website-v2/tests/Feature/TaxApprovalWorkflowTest.php" line="56" class="Tests\Feature\TaxApprovalWorkflowTest" classname="Tests.Feature.TaxApprovalWorkflowTest" assertions="6" time="4.812008"/>
        <testcase name="test_tax_income_max_must_not_be_less_than_income_min" file="/tmp/temporal-v2-wsl.BOZdt6/papa-website-v2/tests/Feature/TaxApprovalWorkflowTest.php" line="86" class="Tests\Feature\TaxApprovalWorkflowTest" classname="Tests.Feature.TaxApprovalWorkflowTest" assertions="4" time="4.734849"/>
        <testcase name="test_hrd_can_edit_tax_while_it_is_still_draft" file="/tmp/temporal-v2-wsl.BOZdt6/papa-website-v2/tests/Feature/TaxApprovalWorkflowTest.php" line="116" class="Tests\Feature\TaxApprovalWorkflowTest" classname="Tests.Feature.TaxApprovalWorkflowTest" assertions="12" time="5.001916"/>
        <testcase name="test_pending_and_approved_taxes_cannot_be_edited" file="/tmp/temporal-v2-wsl.BOZdt6/papa-website-v2/tests/Feature/TaxApprovalWorkflowTest.php" line="165" class="Tests\Feature\TaxApprovalWorkflowTest" classname="Tests.Feature.TaxApprovalWorkflowTest" assertions="15" time="4.965595"/>
        <testcase name="test_approved_tax_cannot_be_submitted_again" file="/tmp/temporal-v2-wsl.BOZdt6/papa-website-v2/tests/Feature/TaxApprovalWorkflowTest.php" line="217" class="Tests\Feature\TaxApprovalWorkflowTest" classname="Tests.Feature.TaxApprovalWorkflowTest" assertions="5" time="4.665373"/>
        <testcase name="test_director_approval_automatically_activates_tax" file="/tmp/temporal-v2-wsl.BOZdt6/papa-website-v2/tests/Feature/TaxApprovalWorkflowTest.php" line="237" class="Tests\Feature\TaxApprovalWorkflowTest" classname="Tests.Feature.TaxApprovalWorkflowTest" assertions="5" time="4.911161"/>
        <testcase name="test_director_cannot_approve_tax_that_overlaps_active_tax" file="/tmp/temporal-v2-wsl.BOZdt6/papa-website-v2/tests/Feature/TaxApprovalWorkflowTest.php" line="280" class="Tests\Feature\TaxApprovalWorkflowTest" classname="Tests.Feature.TaxApprovalWorkflowTest" assertions="5" time="0.626738"/>
        <testcase name="test_director_can_approve_tax_with_non_overlapping_income_range" file="/tmp/temporal-v2-wsl.BOZdt6/papa-website-v2/tests/Feature/TaxApprovalWorkflowTest.php" line="315" class="Tests\Feature\TaxApprovalWorkflowTest" classname="Tests.Feature.TaxApprovalWorkflowTest" assertions="4" time="0.361000"/>
        <testcase name="test_hrd_can_create_new_draft_version_from_approved_tax" file="/tmp/temporal-v2-wsl.BOZdt6/papa-website-v2/tests/Feature/TaxApprovalWorkflowTest.php" line="348" class="Tests\Feature\TaxApprovalWorkflowTest" classname="Tests.Feature.TaxApprovalWorkflowTest" assertions="6" time="5.937656"/>
        <testcase name="test_hrd_can_create_new_version_from_inactive_approved_tax" file="/tmp/temporal-v2-wsl.BOZdt6/papa-website-v2/tests/Feature/TaxApprovalWorkflowTest.php" line="374" class="Tests\Feature\TaxApprovalWorkflowTest" classname="Tests.Feature.TaxApprovalWorkflowTest" assertions="10" time="5.343831"/>
        <testcase name="test_hrd_cannot_create_new_version_from_superseded_approved_tax" file="/tmp/temporal-v2-wsl.BOZdt6/papa-website-v2/tests/Feature/TaxApprovalWorkflowTest.php" line="410" class="Tests\Feature\TaxApprovalWorkflowTest" classname="Tests.Feature.TaxApprovalWorkflowTest" assertions="4" time="0.264155"/>
        <testcase name="test_hrd_can_update_new_draft_version_with_same_tax_code" file="/tmp/temporal-v2-wsl.BOZdt6/papa-website-v2/tests/Feature/TaxApprovalWorkflowTest.php" line="431" class="Tests\Feature\TaxApprovalWorkflowTest" classname="Tests.Feature.TaxApprovalWorkflowTest" assertions="5" time="5.001293"/>
        <testcase name="test_approving_new_tax_version_supersedes_previous_active_version" file="/tmp/temporal-v2-wsl.BOZdt6/papa-website-v2/tests/Feature/TaxApprovalWorkflowTest.php" line="471" class="Tests\Feature\TaxApprovalWorkflowTest" classname="Tests.Feature.TaxApprovalWorkflowTest" assertions="9" time="4.950424"/>
        <testcase name="test_hrd_can_disable_an_active_approved_tax" file="/tmp/temporal-v2-wsl.BOZdt6/papa-website-v2/tests/Feature/TaxApprovalWorkflowTest.php" line="513" class="Tests\Feature\TaxApprovalWorkflowTest" classname="Tests.Feature.TaxApprovalWorkflowTest" assertions="8" time="0.296196"/>
        <testcase name="test_hrd_cannot_disable_a_tax_that_is_not_approved" file="/tmp/temporal-v2-wsl.BOZdt6/papa-website-v2/tests/Feature/TaxApprovalWorkflowTest.php" line="536" class="Tests\Feature\TaxApprovalWorkflowTest" classname="Tests.Feature.TaxApprovalWorkflowTest" assertions="4" time="4.807151"/>
      </testsuite>
      <testsuite name="Tests\Feature\TemporalPayrollReplayPersistenceTest" file="/tmp/temporal-v2-wsl.BOZdt6/papa-website-v2/tests/Feature/TemporalPayrollReplayPersistenceTest.php" tests="3" assertions="21" errors="0" failures="0" skipped="0" time="5.376654">
        <testcase name="test_locked_manifest_replays_without_salary_side_effect_or_current_state_query" file="/tmp/temporal-v2-wsl.BOZdt6/papa-website-v2/tests/Feature/TemporalPayrollReplayPersistenceTest.php" line="23" class="Tests\Feature\TemporalPayrollReplayPersistenceTest" classname="Tests.Feature.TemporalPayrollReplayPersistenceTest" assertions="12" time="0.363785"/>
        <testcase name="test_locked_manifest_cannot_be_mutated_and_corruption_fails_before_run_creation" file="/tmp/temporal-v2-wsl.BOZdt6/papa-website-v2/tests/Feature/TemporalPayrollReplayPersistenceTest.php" line="71" class="Tests\Feature\TemporalPayrollReplayPersistenceTest" classname="Tests.Feature.TemporalPayrollReplayPersistenceTest" assertions="3" time="4.756791"/>
        <testcase name="test_real_go_engine_original_and_replay_match_after_current_salary_mutation" file="/tmp/temporal-v2-wsl.BOZdt6/papa-website-v2/tests/Feature/TemporalPayrollReplayPersistenceTest.php" line="97" class="Tests\Feature\TemporalPayrollReplayPersistenceTest" classname="Tests.Feature.TemporalPayrollReplayPersistenceTest" assertions="6" time="0.256078"/>
      </testsuite>
    </testsuite>
  </testsuite>
</testsuites>
