<?xml version="1.0" encoding="UTF-8"?>
<testsuites>
  <testsuite name="Tests\Feature\DifferentialFullPipelineE2ETest" file="C:\PROJECT\papa-website-v2\tests\Feature\DifferentialFullPipelineE2ETest.php" tests="1" assertions="746" errors="0" failures="0" skipped="0" time="32.049455">
    <testcase name="test_database_service_go_and_persistence_subset" file="C:\PROJECT\papa-website-v2\tests\Feature\DifferentialFullPipelineE2ETest.php" line="42" class="Tests\Feature\DifferentialFullPipelineE2ETest" classname="Tests.Feature.DifferentialFullPipelineE2ETest" assertions="746" time="32.049455"/>
  </testsuite>
</testsuites>
